<?xml version="1.0" encoding="UTF-8"?>
<testsuite xmlns:xsi="http://www.w3.org/2001/XMLSchema-instance" xsi:noNamespaceSchemaLocation="https://maven.apache.org/surefire/maven-surefire-plugin/xsd/surefire-test-report-3.0.xsd" version="3.0" name="com.my.tests.GradeTest" time="0.032" tests="21" errors="0" skipped="0" failures="0">
  <properties>
[...]
</properties>
  <testcase name="correctSubjectTest(String)[1]" classname="com.my.tests.GradeTest" time="0.003"/>
  <testcase name="correctSubjectTest(String)[2]" classname="com.my.tests.GradeTest" time="0.001"/>
  <testcase name="incorrectubjectTestv2(String)[1]" classname="com.my.tests.GradeTest" time="0.001"/>
  <testcase name="incorrectubjectTestv2(String)[2]" classname="com.my.tests.GradeTest" time="0.001"/>
  <testcase name="incorrectubjectTestv2(String)[3]" classname="com.my.tests.GradeTest" time="0.001"/>
  <testcase name="incorrectubjectTestv2(String)[4]" classname="com.my.tests.GradeTest" time="0.0"/>
  <testcase name="incorrectubjectTestv2(String)[5]" classname="com.my.tests.GradeTest" time="0.001"/>
  <testcase name="incorrectubjectTest(String)[1]" classname="com.my.tests.GradeTest" time="0.0"/>
  <testcase name="incorrectubjectTest(String)[2]" classname="com.my.tests.GradeTest" time="0.001"/>
  <testcase name="incorrectubjectTest(String)[3]" classname="com.my.tests.GradeTest" time="0.0"/>
  <testcase name="incorrectubjectTest(String)[4]" classname="com.my.tests.GradeTest" time="0.001"/>
  <testcase name="incorrectubjectTest(String)[5]" classname="com.my.tests.GradeTest" time="0.0"/>
  <testcase name="settingSubjectOkTest(String)[1]" classname="com.my.tests.GradeTest" time="0.0"/>
  <testcase name="settingSubjectOkTest(String)[2]" classname="com.my.tests.GradeTest" time="0.001"/>
  <testcase name="settingSubjectOkTest(String)[3]" classname="com.my.tests.GradeTest" time="0.0"/>
  <testcase name="settingSubjectWrongTest(String)[1]" classname="com.my.tests.GradeTest" time="0.0"/>
  <testcase name="settingSubjectWrongTest(String)[2]" classname="com.my.tests.GradeTest" time="0.001"/>
  <testcase name="settingSubjectWrongTest(String)[3]" classname="com.my.tests.GradeTest" time="0.0"/>
  <testcase name="correctGradeParamTest(String, int)[1]" classname="com.my.tests.GradeTest" time="0.003"/>
  <testcase name="correctGradeParamTest(String, int)[2]" classname="com.my.tests.GradeTest" time="0.0"/>
  <testcase name="correctGradeParamTest(String, int)[3]" classname="com.my.tests.GradeTest" time="0.001"/>
</testsuite>